INFO : [22/Apr/2024 14:26:39 login_views 13 7644 12532 adminLogin]
INFO : [22/Apr/2024 14:26:53 login_views 13 7644 9024 adminLogin]
INFO : [22/Apr/2024 14:27:18 login_views 13 7644 9024 adminLogin]
INFO : [22/Apr/2024 14:28:15 login_views 13 2036 5392 adminLogin]
ERROR : [22/Apr/2024 14:28:15 login_views 21 2036 5392 adminLogin || TypeError('cannot unpack non-iterable NoneType object')]
INFO : [22/Apr/2024 14:28:54 login_views 13 13656 10528 adminLogin]
INFO : [22/Apr/2024 15:14:15 login_views 13 8360 1348 adminLogin]
INFO : [22/Apr/2024 15:15:03 login_views 13 10764 7588 adminLogin]
ERROR : [22/Apr/2024 15:15:03 login_views 21 10764 7588 adminLogin || TypeError('cannot unpack non-iterable NoneType object')]
INFO : [22/Apr/2024 15:15:30 login_views 13 8716 1620 adminLogin]
ERROR : [22/Apr/2024 15:15:30 login_views 21 8716 1620 adminLogin || TypeError('cannot unpack non-iterable NoneType object')]
INFO : [22/Apr/2024 15:16:23 login_views 13 5108 8896 adminLogin]
INFO : [22/Apr/2024 15:17:57 login_views 13 5108 8896 adminLogin]
INFO : [22/Apr/2024 15:18:14 login_views 13 5108 8896 adminLogin]
INFO : [22/Apr/2024 15:19:07 login_views 13 5108 8896 adminLogin]
INFO : [22/Apr/2024 15:19:08 clientDetails_views 50 5108 8896 clientAllDetails]
INFO : [22/Apr/2024 15:19:08 clientDetails_views 50 5108 8896 clientAllDetails]
INFO : [22/Apr/2024 15:19:08 clientDetails_views 26 5108 8896 countings]
INFO : [22/Apr/2024 15:23:01 extra_views 24 5108 8896 webfootprint]
INFO : [22/Apr/2024 15:23:40 register_views 26 5108 8896 is_ClientExists]
INFO : [22/Apr/2024 15:24:03 otpVerify_views 12 5108 8896 ClientOtpVerify]
INFO : [22/Apr/2024 15:24:45 otpVerify_views 12 5108 8896 ClientOtpVerify]
INFO : [22/Apr/2024 15:25:23 otpVerify_views 12 5108 8896 ClientOtpVerify]
INFO : [22/Apr/2024 15:26:35 otpVerify_views 12 5600 8288 ClientOtpVerify]
INFO : [22/Apr/2024 15:27:13 otpVerify_views 12 5600 8288 ClientOtpVerify]
INFO : [22/Apr/2024 15:27:13 register_views 13 5600 8288 ClientRegister]
ERROR : [22/Apr/2024 15:27:13 register_views 20 5600 8288 ClientRegister || TypeError('cannot unpack non-iterable NoneType object')]
INFO : [22/Apr/2024 15:27:50 otpVerify_views 12 5600 8288 ClientOtpVerify]
ERROR : [22/Apr/2024 15:27:50 otpVerify_views 19 5600 8288 ClientOtpVerify || TypeError('cannot unpack non-iterable NoneType object')]
INFO : [22/Apr/2024 15:28:41 otpVerify_views 12 5640 10932 ClientOtpVerify]
ERROR : [22/Apr/2024 15:28:41 otpVerify_views 19 5640 10932 ClientOtpVerify || TypeError('cannot unpack non-iterable NoneType object')]
INFO : [22/Apr/2024 15:29:06 otpVerify_views 12 1200 2748 ClientOtpVerify]
ERROR : [22/Apr/2024 15:29:06 otpVerify_views 19 1200 2748 ClientOtpVerify || TypeError('cannot unpack non-iterable NoneType object')]
INFO : [22/Apr/2024 15:29:14 clientDetails_views 50 1200 2748 clientAllDetails]
INFO : [22/Apr/2024 15:29:56 clientDetails_views 26 1200 2748 countings]
INFO : [22/Apr/2024 15:30:41 otpVerify_views 12 1200 2748 ClientOtpVerify]
INFO : [22/Apr/2024 15:31:02 otpVerify_views 12 1200 2748 ClientOtpVerify]
INFO : [22/Apr/2024 15:31:02 register_views 13 1200 2748 ClientRegister]
INFO : [22/Apr/2024 15:31:37 otpVerify_views 12 7124 5548 ClientOtpVerify]
ERROR : [22/Apr/2024 15:31:37 otpVerify_views 19 7124 5548 ClientOtpVerify || TypeError('cannot unpack non-iterable NoneType object')]
INFO : [22/Apr/2024 15:32:35 otpVerify_views 12 6964 2080 ClientOtpVerify]
ERROR : [22/Apr/2024 15:32:35 otpVerify_views 19 6964 2080 ClientOtpVerify || TypeError('cannot unpack non-iterable NoneType object')]
INFO : [22/Apr/2024 15:32:38 otpVerify_views 12 6964 2080 ClientOtpVerify]
ERROR : [22/Apr/2024 15:32:38 otpVerify_views 19 6964 2080 ClientOtpVerify || TypeError('cannot unpack non-iterable NoneType object')]
INFO : [22/Apr/2024 15:33:19 otpVerify_views 12 8772 6564 ClientOtpVerify]
ERROR : [22/Apr/2024 15:33:19 otpVerify_views 19 8772 6564 ClientOtpVerify || TypeError('cannot unpack non-iterable NoneType object')]
INFO : [22/Apr/2024 15:33:30 otpVerify_views 12 6556 1320 ClientOtpVerify]
ERROR : [22/Apr/2024 15:33:30 otpVerify_views 19 6556 1320 ClientOtpVerify || TypeError('cannot unpack non-iterable NoneType object')]
INFO : [22/Apr/2024 15:33:55 otpVerify_views 12 6556 1320 ClientOtpVerify]
INFO : [22/Apr/2024 15:34:07 otpVerify_views 12 6556 1320 ClientOtpVerify]
INFO : [22/Apr/2024 15:34:07 register_views 13 6556 1320 ClientRegister]
INFO : [22/Apr/2024 15:34:43 otpVerify_views 12 2420 5504 ClientOtpVerify]
ERROR : [22/Apr/2024 15:34:43 otpVerify_views 19 2420 5504 ClientOtpVerify || TypeError('cannot unpack non-iterable NoneType object')]
INFO : [22/Apr/2024 15:34:45 otpVerify_views 12 2420 5504 ClientOtpVerify]
ERROR : [22/Apr/2024 15:34:45 otpVerify_views 19 2420 5504 ClientOtpVerify || TypeError('cannot unpack non-iterable NoneType object')]
INFO : [22/Apr/2024 15:35:18 otpVerify_views 12 2420 5504 ClientOtpVerify]
INFO : [22/Apr/2024 15:35:34 otpVerify_views 12 2420 5504 ClientOtpVerify]
INFO : [22/Apr/2024 15:35:47 otpVerify_views 12 2420 5504 ClientOtpVerify]
INFO : [22/Apr/2024 15:35:47 register_views 13 2420 5504 ClientRegister]
INFO : [22/Apr/2024 15:36:22 otpVerify_views 12 6364 7932 ClientOtpVerify]
INFO : [22/Apr/2024 15:36:32 otpVerify_views 12 6364 7932 ClientOtpVerify]
INFO : [22/Apr/2024 15:36:32 register_views 13 6364 7932 ClientRegister]
INFO : [22/Apr/2024 15:37:18 otpVerify_views 12 6532 6984 ClientOtpVerify]
INFO : [22/Apr/2024 15:37:28 otpVerify_views 12 6532 6984 ClientOtpVerify]
INFO : [22/Apr/2024 15:37:28 register_views 13 6532 6984 ClientRegister]
INFO : [22/Apr/2024 15:37:48 otpVerify_views 12 10932 5976 ClientOtpVerify]
ERROR : [22/Apr/2024 15:37:48 otpVerify_views 19 10932 5976 ClientOtpVerify || TypeError('cannot unpack non-iterable NoneType object')]
INFO : [22/Apr/2024 15:37:57 otpVerify_views 12 10932 5976 ClientOtpVerify]
ERROR : [22/Apr/2024 15:37:57 otpVerify_views 19 10932 5976 ClientOtpVerify || TypeError('cannot unpack non-iterable NoneType object')]
INFO : [22/Apr/2024 15:38:37 otpVerify_views 12 9700 6248 ClientOtpVerify]
INFO : [22/Apr/2024 15:38:44 otpVerify_views 12 9700 6248 ClientOtpVerify]
INFO : [22/Apr/2024 15:38:56 otpVerify_views 12 9700 6248 ClientOtpVerify]
INFO : [22/Apr/2024 15:38:56 register_views 13 9700 6248 ClientRegister]
INFO : [22/Apr/2024 15:40:22 otpVerify_views 12 8656 7948 ClientOtpVerify]
INFO : [22/Apr/2024 15:40:31 otpVerify_views 12 8656 7948 ClientOtpVerify]
INFO : [22/Apr/2024 15:40:31 register_views 13 8656 7948 ClientRegister]
ERROR : [22/Apr/2024 15:40:31 register_views 20 8656 7948 ClientRegister || TypeError('cannot unpack non-iterable NoneType object')]
INFO : [22/Apr/2024 15:41:12 otpVerify_views 12 3676 7408 ClientOtpVerify]
INFO : [22/Apr/2024 15:41:27 otpVerify_views 12 3676 7408 ClientOtpVerify]
INFO : [22/Apr/2024 15:41:27 register_views 13 3676 7408 ClientRegister]
INFO : [22/Apr/2024 15:41:28 login_views 27 3676 7408 clientLogin]
INFO : [22/Apr/2024 15:41:28 extra_views 24 3676 7408 webfootprint]
INFO : [22/Apr/2024 15:41:34 extra_views 24 3676 7408 webfootprint]
INFO : [22/Apr/2024 15:41:34 planSelection_views 28 3676 7408 is_plan_selected]
INFO : [22/Apr/2024 15:41:57 planSelection_views 14 3676 7408 plan_selection]
ERROR : [22/Apr/2024 15:41:57 planSelection_views 21 3676 7408 plan_selection || TypeError('cannot unpack non-iterable NoneType object')]
INFO : [22/Apr/2024 15:42:04 planSelection_views 14 3676 7408 plan_selection]
ERROR : [22/Apr/2024 15:42:04 planSelection_views 21 3676 7408 plan_selection || TypeError('cannot unpack non-iterable NoneType object')]
INFO : [22/Apr/2024 15:42:43 planSelection_views 14 1504 4172 plan_selection]
ERROR : [22/Apr/2024 15:42:43 planSelection_views 21 1504 4172 plan_selection || TypeError('cannot unpack non-iterable NoneType object')]
INFO : [22/Apr/2024 15:44:42 extra_views 24 1504 4172 webfootprint]
INFO : [22/Apr/2024 15:44:42 planSelection_views 28 1504 4172 is_plan_selected]
INFO : [22/Apr/2024 15:47:41 planSelection_views 14 1504 4172 plan_selection]
ERROR : [22/Apr/2024 15:47:41 planSelection_views 21 1504 4172 plan_selection || TypeError('cannot unpack non-iterable NoneType object')]
INFO : [22/Apr/2024 15:48:20 planSelection_views 14 5300 3928 plan_selection]
INFO : [22/Apr/2024 15:49:02 planSelection_views 14 5300 3928 plan_selection]
ERROR : [22/Apr/2024 15:49:02 planSelection_views 21 5300 3928 plan_selection || TypeError('cannot unpack non-iterable NoneType object')]
INFO : [22/Apr/2024 15:51:29 planSelection_views 14 9152 5704 plan_selection]
ERROR : [22/Apr/2024 15:51:29 planSelection_views 21 9152 5704 plan_selection || TypeError('cannot unpack non-iterable NoneType object')]
INFO : [22/Apr/2024 15:51:34 planSelection_views 14 9152 5704 plan_selection]
INFO : [22/Apr/2024 15:51:56 planSelection_views 14 9152 5704 plan_selection]
ERROR : [22/Apr/2024 15:51:56 planSelection_views 21 9152 5704 plan_selection || TypeError('cannot unpack non-iterable NoneType object')]
INFO : [22/Apr/2024 15:52:59 planSelection_views 14 3308 3312 plan_selection]
INFO : [22/Apr/2024 15:53:05 extra_views 24 3308 3312 webfootprint]
INFO : [22/Apr/2024 15:53:05 planSelection_views 28 3308 3312 is_plan_selected]
INFO : [22/Apr/2024 15:53:10 clientDetails_views 50 3308 3312 clientAllDetails]
INFO : [22/Apr/2024 15:53:10 clientDetails_views 26 3308 3312 countings]
INFO : [22/Apr/2024 15:53:46 clientDetails_views 50 3308 3312 clientAllDetails]
INFO : [22/Apr/2024 15:53:46 clientDetails_views 26 3308 3312 countings]
INFO : [22/Apr/2024 15:54:16 invoice_views 14 3308 3312 create_invoice]
ERROR : [22/Apr/2024 15:54:37 invoice_views 21 3308 3312 create_invoice || TypeError('cannot unpack non-iterable NoneType object')]
INFO : [22/Apr/2024 15:55:55 invoice_views 14 9268 10624 create_invoice]
INFO : [22/Apr/2024 15:58:44 invoice_views 28 6616 10476 delete_invoice]
INFO : [22/Apr/2024 15:58:53 clientDetails_views 50 6616 10476 clientAllDetails]
INFO : [22/Apr/2024 15:58:53 clientDetails_views 26 6616 3624 countings]
INFO : [22/Apr/2024 15:59:11 invoice_views 14 6616 3624 create_invoice]
INFO : [22/Apr/2024 16:01:50 invoice_views 28 6168 5376 delete_invoice]
INFO : [22/Apr/2024 16:02:11 invoice_views 14 6168 5376 create_invoice]
INFO : [22/Apr/2024 16:07:37 invoice_views 28 4860 4084 delete_invoice]
INFO : [22/Apr/2024 16:07:50 invoice_views 14 4860 4084 create_invoice]
INFO : [22/Apr/2024 16:09:20 invoice_views 28 5012 7980 delete_invoice]
INFO : [22/Apr/2024 16:10:57 clientDetails_views 50 5012 7980 clientAllDetails]
INFO : [22/Apr/2024 16:10:57 clientDetails_views 26 5012 7980 countings]
INFO : [22/Apr/2024 16:11:14 invoice_views 14 5012 7980 create_invoice]
INFO : [22/Apr/2024 16:13:33 clientDetails_views 50 5012 7980 clientAllDetails]
INFO : [22/Apr/2024 16:13:33 clientDetails_views 26 5012 7980 countings]
INFO : [22/Apr/2024 16:13:42 clientDetails_views 50 5012 7980 clientAllDetails]
INFO : [22/Apr/2024 16:13:42 clientDetails_views 26 5012 7980 countings]
INFO : [22/Apr/2024 16:13:51 clientFiling_views 14 5012 7980 update_filing]
INFO : [22/Apr/2024 16:14:05 clientFiling_views 14 5012 7980 update_filing]
INFO : [22/Apr/2024 16:14:11 clientFiling_views 14 5012 7980 update_filing]
INFO : [22/Apr/2024 16:14:13 clientDetails_views 50 5012 7980 clientAllDetails]
INFO : [22/Apr/2024 16:14:14 clientDetails_views 26 5012 7980 countings]
INFO : [22/Apr/2024 16:14:19 clientNotes_views 14 5012 7980 update_notes]
INFO : [22/Apr/2024 16:14:22 clientNotes_views 14 5012 7980 update_notes]
INFO : [22/Apr/2024 16:14:30 clientNotes_views 14 5012 7980 update_notes]
INFO : [22/Apr/2024 16:14:32 clientNotes_views 28 5012 7980 remove_notes]
INFO : [22/Apr/2024 16:14:44 clientDetails_views 50 5012 7980 clientAllDetails]
INFO : [22/Apr/2024 16:14:44 clientDetails_views 26 5012 7980 countings]
INFO : [22/Apr/2024 16:15:43 clientDetails_views 50 5012 7980 clientAllDetails]
INFO : [22/Apr/2024 16:15:43 clientDetails_views 26 5012 7980 countings]
INFO : [22/Apr/2024 16:15:56 clientDetails_views 50 5012 7980 clientAllDetails]
INFO : [22/Apr/2024 16:15:56 clientDetails_views 26 5012 7980 countings]
INFO : [22/Apr/2024 16:16:00 clientDetails_views 62 5012 7980 update_already_called]
INFO : [22/Apr/2024 16:16:03 clientDetails_views 50 5012 7980 clientAllDetails]
INFO : [22/Apr/2024 16:16:03 clientDetails_views 26 5012 7980 countings]
INFO : [22/Apr/2024 16:16:22 extra_views 24 5012 7980 webfootprint]
INFO : [22/Apr/2024 16:16:22 planSelection_views 28 5012 7980 is_plan_selected]
INFO : [22/Apr/2024 16:16:31 register_views 26 5012 7980 is_ClientExists]
INFO : [22/Apr/2024 16:16:52 otpVerify_views 12 5012 7980 ClientOtpVerify]
INFO : [22/Apr/2024 16:17:06 otpVerify_views 12 5012 7980 ClientOtpVerify]
INFO : [22/Apr/2024 16:17:06 register_views 13 5012 7980 ClientRegister]
INFO : [22/Apr/2024 16:17:44 extra_views 24 5012 7980 webfootprint]
INFO : [22/Apr/2024 16:17:51 register_views 26 5012 7980 is_ClientExists]
INFO : [22/Apr/2024 16:20:06 login_views 41 5012 7980 refresh_token]
INFO : [22/Apr/2024 16:32:14 otpVerify_views 12 5012 11740 ClientOtpVerify]
INFO : [22/Apr/2024 16:32:36 otpVerify_views 12 5012 11740 ClientOtpVerify]
INFO : [22/Apr/2024 16:32:36 register_views 13 5012 11740 ClientRegister]
INFO : [22/Apr/2024 16:32:56 extra_views 24 8080 8712 webfootprint]
INFO : [22/Apr/2024 16:33:16 register_views 26 8080 8712 is_ClientExists]
INFO : [22/Apr/2024 16:33:38 otpVerify_views 12 8080 8712 ClientOtpVerify]
INFO : [22/Apr/2024 16:34:10 otpVerify_views 12 8080 8712 ClientOtpVerify]
INFO : [22/Apr/2024 16:34:10 register_views 13 8080 8712 ClientRegister]
INFO : [22/Apr/2024 16:34:14 login_views 27 8080 8712 clientLogin]
INFO : [22/Apr/2024 16:34:14 extra_views 24 8080 8712 webfootprint]
INFO : [22/Apr/2024 16:34:28 planSelection_views 14 8080 8712 plan_selection]
INFO : [22/Apr/2024 16:34:51 clientDetails_views 50 8080 8712 clientAllDetails]
INFO : [22/Apr/2024 16:34:52 clientDetails_views 26 8080 8712 countings]
INFO : [22/Apr/2024 16:36:46 clientDetails_views 62 8080 8712 update_already_called]
INFO : [22/Apr/2024 16:36:49 clientDetails_views 50 8080 8712 clientAllDetails]
INFO : [22/Apr/2024 16:36:49 clientDetails_views 26 8080 8712 countings]
